<?xml version="1.0" encoding="UTF-8"?>
<!-- Generated by org.testng.reporters.JUnitReportReporter -->
<testsuite hostname="DESKTOP-MDF97HJ" name="com.technocredits.orghm.testscripts.LoginTest" tests="2" failures="0" timestamp="23 Nov 2021 05:20:57 GMT" time="28.940" errors="0">
  <testcase name="loginTest" time="16.649" classname="com.technocredits.orghm.testscripts.LoginTest"/>
  <testcase name="loginTestWithoutPassword" time="12.291" classname="com.technocredits.orghm.testscripts.LoginTest"/>
</testsuite> <!-- com.technocredits.orghm.testscripts.LoginTest -->
