<?xml version="1.0" encoding="UTF-8"?>
<!-- Generated by org.testng.reporters.JUnitReportReporter -->
<testsuite hostname="DESKTOP-MDF97HJ" name="com.technocredits.orghm.testscripts.PIM_AddEmployeeTest" tests="6" failures="0" timestamp="23 Nov 2021 06:45:26 GMT" time="503.529" errors="0">
  <testcase name="verifyAddEmployeeUsingDataDriven" time="102.476" classname="com.technocredits.orghm.testscripts.PIM_AddEmployeeTest"/>
  <testcase name="verifyAddEmployeeUsingDataDriven" time="71.146" classname="com.technocredits.orghm.testscripts.PIM_AddEmployeeTest"/>
  <testcase name="verifyAddEmployee" time="95.437" classname="com.technocredits.orghm.testscripts.PIM_AddEmployeeTest"/>
  <testcase name="verifyAddEmployeeUsingDataDriven" time="75.817" classname="com.technocredits.orghm.testscripts.PIM_AddEmployeeTest"/>
  <testcase name="verifyAddEmployeeUsingDataDriven" time="78.652" classname="com.technocredits.orghm.testscripts.PIM_AddEmployeeTest"/>
  <testcase name="verifyAddEmployeeUsingDataDriven" time="80.001" classname="com.technocredits.orghm.testscripts.PIM_AddEmployeeTest"/>
</testsuite> <!-- com.technocredits.orghm.testscripts.PIM_AddEmployeeTest -->
