<?xml version="1.0" encoding="UTF-8"?>
<!-- Generated by org.testng.reporters.JUnitReportReporter -->
<testsuite hostname="DESKTOP-MDF97HJ" name="com.technocredits.orghm.testscripts.DashboardTest" tests="1" failures="0" timestamp="23 Nov 2021 05:20:15 GMT" time="1.591" errors="0">
  <testcase name="verifyDashboard" time="1.591" classname="com.technocredits.orghm.testscripts.DashboardTest"/>
</testsuite> <!-- com.technocredits.orghm.testscripts.DashboardTest -->
