<?xml version="1.0" encoding="UTF-8"?>
<!-- Generated by org.testng.reporters.JUnitReportReporter -->
<testsuite hostname="DESKTOP-MDF97HJ" name="com.qa.MyFirstTest" tests="1" failures="0" timestamp="13 Nov 2021 06:36:42 GMT" time="0.167" errors="0">
  <testcase name="myTest" time="0.167" classname="com.qa.MyFirstTest"/>
</testsuite> <!-- com.qa.MyFirstTest -->
