<?xml version="1.0" encoding="UTF-8"?>
<!-- Generated by org.testng.reporters.JUnitReportReporter -->
<testsuite hostname="DESKTOP-MDF97HJ" name="com.technocredits.orghm.testscripts.UserProfileTest" tests="1" failures="0" timestamp="23 Nov 2021 05:21:39 GMT" time="7.495" errors="0">
  <testcase name="verfiyUserMenuOptions" time="7.495" classname="com.technocredits.orghm.testscripts.UserProfileTest"/>
</testsuite> <!-- com.technocredits.orghm.testscripts.UserProfileTest -->
