<?xml version="1.0" encoding="UTF-8"?>
<!-- Generated by org.testng.reporters.JUnitReportReporter -->
<testsuite hostname="DESKTOP-MDF97HJ" name="welcome.Hello_World" tests="1" failures="0" timestamp="14 Nov 2021 15:04:15 GMT" time="0.017" errors="0">
  <testcase name="welcome" time="0.017" classname="welcome.Hello_World"/>
</testsuite> <!-- welcome.Hello_World -->
