<?xml version="1.0" encoding="UTF-8"?>
<!-- Generated by org.testng.reporters.JUnitReportReporter -->
<testsuite hostname="DESKTOP-MDF97HJ" name="Hello_World" tests="1" failures="0" timestamp="14 Nov 2021 14:59:57 GMT" time="0.040" errors="0">
  <testcase name="welcome" time="0.040" classname="Hello_World"/>
</testsuite> <!-- Hello_World -->
